[debug] [2026-01-28T05:24:01.222Z] ----------------------------------------------------------------------
[debug] [2026-01-28T05:24:01.232Z] Command:       /home/parel/.config/nvm/versions/node/v20.20.0/bin/node /home/parel/.config/nvm/versions/node/v20.20.0/bin/firebase init
[debug] [2026-01-28T05:24:01.233Z] CLI Version:   15.4.0
[debug] [2026-01-28T05:24:01.233Z] Platform:      linux
[debug] [2026-01-28T05:24:01.233Z] Node Version:  v20.20.0
[debug] [2026-01-28T05:24:01.233Z] Time:          Tue Jan 27 2026 22:24:01 GMT-0700 (Mountain Standard Time)
[debug] [2026-01-28T05:24:01.234Z] ----------------------------------------------------------------------
[debug] 
[info] 
     ######## #### ########  ######## ########     ###     ######  ########
     ##        ##  ##     ## ##       ##     ##  ##   ##  ##       ##
     ######    ##  ########  ######   ########  #########  ######  ######
     ##        ##  ##    ##  ##       ##     ## ##     ##       ## ##
     ##       #### ##     ## ######## ########  ##     ##  ######  ########

You're about to initialize a Firebase project in this directory:

  /home/parel/Desktop/duckystore

[debug] [2026-01-28T05:25:34.801Z] ExitPromptError: User force closed the prompt with SIGINT
    at Interface.sigint (/home/parel/.config/nvm/versions/node/v20.20.0/lib/node_modules/firebase-tools/node_modules/@inquirer/core/dist/commonjs/lib/create-prompt.js:101:37)
    at Interface.emit (node:events:524:28)
    at [_ttyWrite] [as _ttyWrite] (node:internal/readline/interface:1134:18)
    at ReadStream.onkeypress (node:internal/readline/interface:267:20)
    at ReadStream.emit (node:events:536:35)
    at emitKeys (node:internal/readline/utils:371:14)
    at emitKeys.next (<anonymous>)
    at ReadStream.onData (node:internal/readline/emitKeypressEvents:64:36)
    at ReadStream.emit (node:events:524:28)
    at addChunk (node:internal/streams/readable:561:12)
[error] 
[error] Error: An unexpected error has occurred.
